0 info it worked if it ends with ok
1 verbose cli [ 'C:\\Program Files\\nodejs\\node.exe',
1 verbose cli   'C:\\Users\\creamfills\\AppData\\Roaming\\npm\\node_modules\\cnpm\\node_modules\\npm\\bin\\npm-cli.js',
1 verbose cli   '--userconfig=C:\\Users\\creamfills\\.cnpmrc',
1 verbose cli   '--disturl=https://npm.taobao.org/mirrors/node',
1 verbose cli   '--registry=https://registry.npm.taobao.org',
1 verbose cli   'start' ]
2 info using npm@3.10.5
3 info using node@v6.3.1
4 verbose run-script [ 'prestart', 'start', 'poststart' ]
5 info lifecycle test-webpack@1.0.0~prestart: test-webpack@1.0.0
6 silly lifecycle test-webpack@1.0.0~prestart: no script for prestart, continuing
7 info lifecycle test-webpack@1.0.0~start: test-webpack@1.0.0
8 verbose lifecycle test-webpack@1.0.0~start: unsafe-perm in lifecycle true
9 verbose lifecycle test-webpack@1.0.0~start: PATH: C:\Users\creamfills\AppData\Roaming\npm\node_modules\cnpm\node_modules\npm\bin\node-gyp-bin;C:\Users\creamfills\Desktop\webpack-react\photoWrap\node_modules\.bin;C:\Program Files\nodejs;C:\Users\creamfills\bin;C:\Program Files\Git\mingw64\bin;C:\Program Files\Git\usr\local\bin;C:\Program Files\Git\usr\bin;C:\Program Files\Git\usr\bin;C:\Program Files\Git\mingw64\bin;C:\Program Files\Git\usr\bin;C:\Users\creamfills\bin;C:\WINDOWS\system32;C:\WINDOWS;C:\WINDOWS\System32\Wbem;C:\WINDOWS\System32\WindowsPowerShell\v1.0;C:\Program Files (x86)\Calibre2;C:\Program Files\TortoiseSVN\bin;C:\Program Files\nodejs;C:\Ruby22-x64\bin;C:\Users\creamfills\AppData\Local\atom\bin;C:\Users\creamfills\AppData\Roaming\npm;C:\Program Files\Git\usr\bin\vendor_perl;C:\Program Files\Git\usr\bin\core_perl
10 verbose lifecycle test-webpack@1.0.0~start: CWD: C:\Users\creamfills\Desktop\webpack-react\photoWrap
11 silly lifecycle test-webpack@1.0.0~start: Args: [ '/d /s /c', 'webpack-dev-server --hot --inline' ]
12 silly lifecycle test-webpack@1.0.0~start: Returned: code: 1  signal: null
13 info lifecycle test-webpack@1.0.0~start: Failed to exec start script
14 verbose stack Error: test-webpack@1.0.0 start: `webpack-dev-server --hot --inline`
14 verbose stack Exit status 1
14 verbose stack     at EventEmitter.<anonymous> (C:\Users\creamfills\AppData\Roaming\npm\node_modules\cnpm\node_modules\npm\lib\utils\lifecycle.js:242:16)
14 verbose stack     at emitTwo (events.js:106:13)
14 verbose stack     at EventEmitter.emit (events.js:191:7)
14 verbose stack     at ChildProcess.<anonymous> (C:\Users\creamfills\AppData\Roaming\npm\node_modules\cnpm\node_modules\npm\lib\utils\spawn.js:40:14)
14 verbose stack     at emitTwo (events.js:106:13)
14 verbose stack     at ChildProcess.emit (events.js:191:7)
14 verbose stack     at maybeClose (internal/child_process.js:852:16)
14 verbose stack     at Process.ChildProcess._handle.onexit (internal/child_process.js:215:5)
15 verbose pkgid test-webpack@1.0.0
16 verbose cwd C:\Users\creamfills\Desktop\webpack-react\photoWrap
17 error Windows_NT 10.0.10240
18 error argv "C:\\Program Files\\nodejs\\node.exe" "C:\\Users\\creamfills\\AppData\\Roaming\\npm\\node_modules\\cnpm\\node_modules\\npm\\bin\\npm-cli.js" "--userconfig=C:\\Users\\creamfills\\.cnpmrc" "--disturl=https://npm.taobao.org/mirrors/node" "--registry=https://registry.npm.taobao.org" "start"
19 error node v6.3.1
20 error npm  v3.10.5
21 error code ELIFECYCLE
22 error test-webpack@1.0.0 start: `webpack-dev-server --hot --inline`
22 error Exit status 1
23 error Failed at the test-webpack@1.0.0 start script 'webpack-dev-server --hot --inline'.
23 error Make sure you have the latest version of node.js and npm installed.
23 error If you do, this is most likely a problem with the test-webpack package,
23 error not with npm itself.
23 error Tell the author that this fails on your system:
23 error     webpack-dev-server --hot --inline
23 error You can get information on how to open an issue for this project with:
23 error     npm bugs test-webpack
23 error Or if that isn't available, you can get their info via:
23 error     npm owner ls test-webpack
23 error There is likely additional logging output above.
24 verbose exit [ 1, true ]
